<?xml version="1.0" encoding="UTF-8"?>
<!-- Generated by org.testng.reporters.JUnitReportReporter -->
<testsuite hostname="LTIN426014" failures="0" tests="3" name="TestCases.testCases" time="7.086" errors="0" timestamp="2023-01-19T14:15:51 IST" skipped="0">
  <testcase classname="TestCases.testCases" name="homepage" time="4.439"/>
  <system-out/>
  <testcase classname="TestCases.testCases" name="firstLetterApps" time="0.296"/>
  <system-out/>
  <testcase classname="TestCases.testCases" name="lastLetterApps" time="2.351"/>
  <system-out/>
</testsuite> <!-- TestCases.testCases -->
